<?xml version="1.0" encoding="UTF-8"?>
<testng-results skipped="0" failed="0" ignored="0" total="1" passed="1">
  <reporter-output>
  </reporter-output>
  <suite name="Suite" duration-ms="16035" started-at="2019-12-29T12:19:43 IST" finished-at="2019-12-29T12:19:59 IST">
    <groups>
    </groups>
    <test name="Test" duration-ms="16035" started-at="2019-12-29T12:19:43 IST" finished-at="2019-12-29T12:19:59 IST">
      <class name="com.sample.maventest.MaveDemo.SampleTest">
        <test-method status="PASS" signature="testDemo()[pri:0, instance:com.sample.maventest.MaveDemo.SampleTest@685cb137]" name="testDemo" duration-ms="15961" started-at="2019-12-29T12:19:44 IST" finished-at="2019-12-29T12:19:59 IST">
          <reporter-output>
          </reporter-output>
        </test-method> <!-- testDemo -->
      </class> <!-- com.sample.maventest.MaveDemo.SampleTest -->
    </test> <!-- Test -->
  </suite> <!-- Suite -->
</testng-results>
